<?xml version="1.0" encoding="UTF-8"?>
<!-- Generated by org.testng.reporters.JUnitXMLReporter -->
<testsuite hostname="Gunays-Air-4" ignored="0" name="Surefire test" tests="4" failures="0" timestamp="26 Sep 2017 19:26:37 GMT" time="0.056" errors="0">
  <testcase name="add_test_instanceOf" time="0.023" classname="core.SubtractTest"/>
  <testcase name="add_test_2_param" time="0.001" classname="core.SubtractTest"/>
  <testcase name="add_test_3_param" time="0.001" classname="core.SubtractTest"/>
  <testcase name="add_test_4_param" time="0.0" classname="core.SubtractTest"/>
</testsuite> <!-- Surefire test -->
