<?xml version="1.0" encoding="UTF-8"?>
<testng-results skipped="0" failed="0" ignored="0" total="4" passed="4">
  <reporter-output>
  </reporter-output>
  <suite name="Surefire suite" duration-ms="56" started-at="2017-09-26T19:26:37Z" finished-at="2017-09-26T19:26:37Z">
    <groups>
    </groups>
    <test name="Surefire test" duration-ms="56" started-at="2017-09-26T19:26:37Z" finished-at="2017-09-26T19:26:37Z">
      <class name="core.SubtractTest">
        <test-method status="PASS" signature="add_test_instanceOf()[pri:1, instance:core.SubtractTest@73f792cf]" name="add_test_instanceOf" duration-ms="23" started-at="2017-09-26T12:26:37Z" finished-at="2017-09-26T12:26:37Z">
          <reporter-output>
          </reporter-output>
        </test-method> <!-- add_test_instanceOf -->
        <test-method status="PASS" signature="add_test_2_param()[pri:2, instance:core.SubtractTest@73f792cf]" name="add_test_2_param" duration-ms="1" started-at="2017-09-26T12:26:37Z" finished-at="2017-09-26T12:26:37Z">
          <reporter-output>
          </reporter-output>
        </test-method> <!-- add_test_2_param -->
        <test-method status="PASS" signature="add_test_3_param()[pri:3, instance:core.SubtractTest@73f792cf]" name="add_test_3_param" duration-ms="1" started-at="2017-09-26T12:26:37Z" finished-at="2017-09-26T12:26:37Z">
          <reporter-output>
          </reporter-output>
        </test-method> <!-- add_test_3_param -->
        <test-method status="PASS" signature="add_test_4_param()[pri:4, instance:core.SubtractTest@73f792cf]" name="add_test_4_param" duration-ms="0" started-at="2017-09-26T12:26:37Z" finished-at="2017-09-26T12:26:37Z">
          <reporter-output>
          </reporter-output>
        </test-method> <!-- add_test_4_param -->
      </class> <!-- core.SubtractTest -->
    </test> <!-- Surefire test -->
  </suite> <!-- Surefire suite -->
</testng-results>
